segmentador/VPyrmjR4c2joe4H5VBAqYnsSB1Nr8pAVfu1jmagU.bin
Archivo: Lados_343_0357.shp subido como: segmentador/6HyuIqUwERbk16fLEy8a31ANVQCar0EjOon7sZlZ.bin
Archivo: Lados_343_0357.shp subido como: segmentador/uOWxMa6bCBZKE8uvfjNRYkVMG3eVBqVaE2bI35ab.bin
Archivo: Lados_343_0357.shp subido como: segmentador/OtCjMRh78y5hloHF481rjzi3g3hWz7rciDmbTPUg.bin
Archivo: Lados_343_0357.shp subido como: segmentador/cgvU18FslsLOSZ4xuZ1rpYg4VH2WHtPNDTw0x7Rp.bin
E00: Archivo: e0933.e00 subido como: segmentador/wFxHF963siWFhX7k8RgLKoIkiUsyPgNbmnjTdCI4.txt
E00: Archivo: e0933.e00 subido como: segmentador/5w9ByijesGkVePvNsIET8LvYcc6ZsbBoQFht9vQY.txt
E00: Archivo: e0933.e00 subido como: segmentador/5MtwzEL8OeE57kHIquwIeyxcfBdjZVELG7PQ0ilj.txt
E00: Archivo: e0933.e00 subido como: segmentador/SOzKajfXGcverFyLmLsZsoy0Z9GfaCUH0GfSRUOt.txt
E00: Archivo: e0933.e00 subido como: segmentador/EPTxDXb0k1n5DfwEPVYzqf25WzisZi4BCqZEbRiA.txt
E00: Archivo: e0933.e00 subido como: segmentador/PASpX33k0oFEhNPlwE9cS0ZhMDsquaIEzJp1Cnjl.txt
E00: Archivo: e0933.e00 subido como: segmentador/QklIr1IScv1DtRKjYNRUNeZCAZyhvnhADijYycts.txt
E00: Archivo: e0933.e00 subido como: segmentador/dV1jaIHa7magaFQlgqbADp02LuYCEE8N4DmgMiGj.txt
E00: Archivo: e0933.e00 subido como: segmentador/jKPx0EldyXtQygj7gO1taUXL45gh5prPTR2dQzX1.txt
E00: Archivo: e0933.e00 subido como: segmentador/OkyUQfFipyxKZs5Uh5rFLxtCpAFqGYjXuXTRu4ru.txt
E00: Archivo: e0933.e00 subido como: segmentador/NT9JIfYKok61BcPIIEzYuavyLxpJX5E8sixmdHnt.txt
E00: Archivo: e0933.e00 subido como: segmentador/zl95JqoH9FBzHZHrMVp5YzNw8XY2e9Ff99P2UYNz.txt
E00: Archivo: e0933.e00 subido como: segmentador//tmp/phpylXOB2e00
E00: Archivo: e0933.e00 subido como: segmentador//tmp/phpCSrGrK.e00
E00: Archivo: e0933.e00 subido como: segmentador/fJRFbTDX8sjEw7KR8AGA23w5WzmGl8dk7EaSLmrz.txt.e00
E00: Archivo: e0933.e00 subido como: segmentador/hcjUVuIYXPAXa7bAgYsfIWuMQ6giQcNx7ImZJPPZ.txt.e00
E00: Archivo: e0933.e00 subido como: segmentador/rmGNPDJuXnvo5G2Zuqj29G58zjEvmZWL2OThDVLn.txt.e00
E00: Archivo: e0933.e00 subido como: segmentador/UR5QAVU0yPEcUimkEC3C70PxosO9TvTTGGN0qKfa.txt.e00
E00: Archivo: e0933.e00 subido como: segmentador/HXMZ7Pr1fioOxnaJD7rnzRXeZpD6zRdPrpB00JUt.txt.e00
E00: Archivo: e0933.e00 subido como: segmentador/NWw3kYNTovFwGsoG7zSXZORL998YierqwtOQ8D64.txt.e00
E00: Archivo: e0933.e00 subido como: segmentador/lL5uX6iXskG1x7zCZscf6pWxXKPacdkTQYZOhhwx.txt.e00
E00: Archivo: e0933.e00 subido como: segmentador/ns5ZJSMYF0ohyKBfcbvWYHDu2dol6MlwF3alIn6t.txt.e00
E00: Archivo: e0933.e00 subido como: segmentador/ohUWQ9MkZ8ALZrCkdReKEcrFZ9DZwAokygQ0lwFe.txt.e00
E00: Archivo: e0933.e00 subido como: segmentador/gDNq1ffmbJVKe9Xq2Oet7MN8AhahJOBHtqIFM0Vx.txt.e00
E00: Archivo: e0933.e00 subido como: segmentador/mpDbeHv8bK9hdNMN4KMTXQDzEEPxpO4R07paPrS9.txt.e00
E00: Archivo: e0933.e00 subido como: segmentador/v9zlWadfXDJxA2cVMOzLCt8kTL1E9i708IRlAUBU.txt.e00
E00: Archivo: e0933.e00 subido como: segmentador/4lwpCyg1K5y9TWyrvVmi9e3Y0hGJqZWmNUCPCvmK.txt.e00
E00: Archivo: e0933.e00 subido como: segmentador/XXojBLUsiAsYP955dWKzqVReVttQn1qdoZW72YDj.txt.e00
E00: Archivo: e0933.e00 subido como: segmentador/k52AP8nuxXDWayKDoeGD3yCfcmsIoynKSMWX1FdM.txt.e00
E00: Archivo: e0933.e00 subido como: segmentador/GyRpzNQ6kNyMfSCJFI01OnjUMNFsmI2uA9Chx4M0.txt.e00
E00: Archivo: e3019.e00 subido como: segmentador/PeuBupLJvqG8KHxfE3ngl1IObIjGnkiqDuWahEM1.txt.e00
E00: Archivo: e3019.e00 subido como: segmentador/9GoeQ2ffrwOo84e154sQoarLKKd50sJnoSVgFD37.txt.e00
E00: Archivo: e3019.e00 subido como: segmentador/zReiH6bMW6bbdAWEM81KYZKdEBQa2oPq0ve0ybPd.txt.e00
E00: Archivo: e3019.e00 subido como: segmentador/MBgrw1o8h6u9XyWeLeCtK9oRZzR0oxQwzJIFAU53.txt.e00
E00: Archivo: e3019.e00 subido como: segmentador/vpD2H6kwbSPGdqgSGTuLK62m6ecsxOnSl0wGuOeG.txt.e00
E00: Archivo: e3019.e00 subido como: segmentador/ubtnGWLclT4GFERFwKbeiHvTH9jDZlGJY45K53e1.txt.e00
E00: Archivo: e3019.e00 subido como: segmentador/hZyEUh6hTqiocLz4puY0NtixjlCchBjLxJ6vNPZL.txt.e00
E00: Archivo: e3019.e00 subido como: segmentador/28X85hA8UlMcKEB2e1HZEAa3m56IgYVYtFORw5bK.txt.e00
E00: Archivo: e3019.e00 subido como: segmentador/HhSX1WF6MUqC0kUKji0KGvGUQBTNKOtkDP4tWxPp.txt.e00
E00: Archivo: e3019.e00 subido como: segmentador/OQMoUiZzuXOgn6T9dFjTYr63AezFAnf3qkkYC3qa.txt.e00
E00: Archivo: e3019.e00 subido como: segmentador/W3lNAtXHzG8fdodDKYQklC5E1yw1zjwqI80X4E1p.txt.e00
E00: Archivo: e3019.e00 subido como: segmentador/R3LsIMlWACURP9EI1AphV39mKWxvqBWSXtY29Hyr.txt.e00
E00: Archivo: e3019.e00 subido como: segmentador/UGtAvgF3KobdFJN2beHiQrPWspzloSmq0WjDcuTu.txt.e00
E00: Archivo: e3019.e00 subido como: segmentador/AEdekxo7IBuS5fF5oWh4m0UDkJjiVm8cuLNhjhWQ.txt.e00
E00: Archivo: e3019.e00 subido como: segmentador/gys0bTn0hqPSwFLcQ9RDqUlu9U26MA1HYh1TrwDn.txt.e00
E00: Archivo: e3019.e00 subido como: segmentador/9LdN5DpJhfdFnnnUO7DmbV9VtA8y6lzPd8A9n493.txt.e00
E00: Archivo: e3019.e00 subido como: segmentador/RUk4fIw0asEvwcJPXJn7Cot3h7CJUto1T5cVfdAH.txt.e00
E00: Archivo: e3019.e00 subido como: segmentador/2RCh5uBpxoAAUafyF0gOQAbY15sqlnUbol5Oluf8.txt.e00
E00: Archivo: e3019.e00 subido como: segmentador/WMxcR46vgNOiHzyjjyGq75L8ghKDpq0nGj00foG5.txt.e00
E00: Archivo: e3019.e00 subido como: segmentador/zXNjTNZG3JAE62bwHrimhglrSWdpUn6KRu9DXJXZ.txt.e00
E00: Archivo: e3019.e00 subido como: segmentador/pneBUSWQpz51iQmbpMDbTHp8ShLlLIJJeCyYZK5g.txt.e00
E00: Archivo: e3019.e00 subido como: segmentador/fhBYIFP2S2Oysf0oChNGXMCC9wxBdt8yfz5VRNkc.txt.e00
E00: Archivo: e3019.e00 subido como: segmentador/6kwFP24uAQKvnyNC3Ng1BZyXPjaPIU9BzC02MiXU.txt.e00
E00: Archivo: e3019.e00 subido como: segmentador/zjt97eQ3zYVdsIc84pDbN4MEQAPwVupGGNckqAjJ.txt.e00
E00: Archivo: e3019.e00 subido como: segmentador/qCyYjqna4hVP0aHEBMkPnO9AVCifvMVWlkBM2TRT.txt.e00
E00: Archivo: e3019.e00 subido como: segmentador/TWHYcGCe1DipdEWFXjIx9dgnBpOwl0Im9z7VCh88.txt.e00
E00: Archivo: e3019.e00 subido como: segmentador/aBHVLggrrJipEKFZojSEzMxE75jTRF4NlHiyOjEW.txt.e00
E00: Archivo: e3019.e00 subido como: segmentador/UYaeJAnfGU3kBaz3QDI0In1gkXRN7RYlfbeAT3Qv.txt.e00
E00: Archivo: e3019.e00 subido como: segmentador/rmYyACwnlj88pcsxx6nuOIkvwtarj7mpomgp841F.txt.e00
E00: Archivo: e5757.e00 subido como: segmentador/Iw11wDnXfXeY7NsPnHdsow77sklbnestWlief11L.txt.e00
E00: Archivo: e5757.e00 subido como: segmentador/jFNL6EqKE5yfpMegonZBo42oQIInwI45fxmoVai7.txt.e00
E00: Archivo: e5760.e00 subido como: segmentador/0DmzPpeJcuvlqUDMuNLI6wMJ5dfpfouOW8xCIq9s.txt.e00
E00: Archivo: e5760.e00 subido como: segmentador/s35y2o9Zu97OSU1JAZtciN85x3NqU4GAapuIWzPm.txt.e00
E00: Archivo: e3019.e00 subido como: segmentador/wTaZgc61dou07ed5u1n9XryR9A13pepzZPHfPLjL.txt.e00
E00: Archivo: e3019.e00 subido como: segmentador/RFp7IoZduTEQof6T5oNzXzIDzEhqLoE7LmVvFcKs.txt.e00
E00: Archivo: e3019.e00 subido como: segmentador/mDGkanurhr2WpuHVWupR5Wd4dOHSpC7zOcfTIjYR.txt.e00
E00: Archivo: e5759.e00 subido como: segmentador/w8tQRYip49idZXIRs61wRtPKtDW7mWAYJjzABrJC.txt.e00
E00: Archivo: e3019.e00 subido como: segmentador/gphHLeJXC83SA5bDM29QhkALDwhDKk1bwPbiEHJd.txt.e00
E00: Archivo: e3019.e00 subido como: segmentador/NyK5Yog119RTE7hylta8kL7IbCMuAy30f5xWgN02.txt.e00
E00: Archivo: e3019.e00 subido como: segmentador/nBSQG2dBYDeEpx0xVjQ6eSD6mv7TypRAtMQU16cX.txt.e00
E00: Archivo: e3019.e00 subido como: segmentador/vvj5A9UZV68kCmR7I9igGjmfPiqEO9LzpkGoliAx.txt.e00
E00: Archivo: e3019.e00 subido como: segmentador/dXSGBkmqlGcoB170s4Dtdq8LaUzizeve9dVHPvsU.txt.e00
E00: Archivo: e3019.e00 subido como: segmentador/TZhRLac3JjJIVmh52lZQw2FyML2uesUJBE2SVrdu.txt.e00
E00: Archivo: e3019.e00 subido como: segmentador/hyzk7yY6XkGyWDuKclMrsA8yY216Ik9rdDvhofmp.txt.e00
E00: Archivo: e3019.e00 subido como: segmentador/x7taPRiq5uvxNHHFvPPWw4szxWKhMVKkA2mWextn.txt.e00
E00: Archivo: e3019.e00 subido como: segmentador/JxhrmQnmU84P6vso1xdQ8xLZ3Vidis5G1D6uYUor.txt.e00
E00: Archivo: e5757.e00 subido como: segmentador/JFODz6Y59Zh5NW9Ws0iv3w6WlTjio2LNhT3oiLN0.txt.e00
E00: Archivo: e5757.e00 subido como: segmentador/zlL5P6Z6prqdx71ujFZxz4JOq6AafiwZJxx0hQYE.txt.e00
E00: Archivo: e5757.e00 subido como: segmentador/X3aNrvaj5NLWVEfuGL9jq6e7s8MHOKiuKzph6UXR.txt.e00
E00: Archivo: e0933.e00 subido como: segmentador/xwbcWiQf1cdLi1ZgUykezf95Yh9Y4AiHa3q031jq.txt.e00
E00: Archivo: e0595.e00 subido como: segmentador/zF4gNA029YQV6s1oPzsQjriFnxGY6pxAd5hfbkxj.txt.e00
E00: Archivo: e0135.e00 subido como: segmentador/dDqxBW6OlwS3kJzLBXUEixU89X8h1ULqgjJmA1G7.txt.e00
E00: Archivo: e0135.e00 subido como: segmentador/xQQDff3erjxV5YCoCxgqKsz2Gfbs2YAjnHGnBzk5.txt.e00
E00: Archivo: e0135.e00 subido como: segmentador/E7KglJJUWnDoPuWTdxuoIfVSXWEtP8ROghMbmQLj.txt.e00
E00: Archivo: e0135.e00 subido como: segmentador/V9HcQ5AsRSEbF9PKRHEvbhVpR7knCPShnA9SiPwN.txt.e00
Archivo: e0002lin.shp subido como: segmentador/t_GRl6zSyrleAEpERvAVYpnxCRKJAqUrNyZzB704vK.bin.shp
C1 DBF: Archivo: c1_0002.dbf subido como: segmentador/t_R3skTxYdzmQhMBlfZU1gMnXna65XZXLhF29kcBOv.dbf
Archivo: e0002lin.shp subido como: segmentador/t_3k4fG0Fe5IWuVyRBrMIi2YvKqEQhLtAPHAmNtEHC.bin.shp
C1 DBF: Archivo: c1_0002.dbf subido como: segmentador/t_WhAJle9MmiwT12Z7hXgUlFEnHcTLakIIvx7kx4It.dbf
Archivo: e0005lin.shp subido como: segmentador/t_5xVlGA9fNKGTBqsCNv6Dt8kMdW29ondZDOnk1sYm.bin.shp
C1 DBF: Archivo: c1_0005.dbf subido como: segmentador/t_sLZj5zxZXSv67Z3F42EMaM0II5rxxAhKzMKLcAKg.dbf
